2025/01/19 22:14:20 INFO  - jmeter.util.JMeterUtils: Setting Locale to ru_RU 
2025/01/19 22:14:20 ERROR - jmeter.util.JMeterUtils: Could not find resources for 'ru_RU' 
2025/01/19 22:14:20 INFO  - jmeter.JMeter: Loading user properties from: /usr/share/jmeter/bin/user.properties 
2025/01/19 22:14:20 INFO  - jmeter.JMeter: Loading system properties from: /usr/share/jmeter/bin/system.properties 
2025/01/19 22:14:20 INFO  - jmeter.JMeter: Copyright (c) 1998-2015 The Apache Software Foundation 
2025/01/19 22:14:20 INFO  - jmeter.JMeter: Version 2.13.19691222 
2025/01/19 22:14:20 INFO  - jmeter.JMeter: java.version=17.0.13 
2025/01/19 22:14:20 INFO  - jmeter.JMeter: java.vm.name=OpenJDK 64-Bit Server VM 
2025/01/19 22:14:20 INFO  - jmeter.JMeter: os.name=Linux 
2025/01/19 22:14:20 INFO  - jmeter.JMeter: os.arch=amd64 
2025/01/19 22:14:20 INFO  - jmeter.JMeter: os.version=6.8.0-51-generic 
2025/01/19 22:14:20 INFO  - jmeter.JMeter: file.encoding=UTF-8 
2025/01/19 22:14:20 INFO  - jmeter.JMeter: Default Locale=русский (Россия) 
2025/01/19 22:14:20 INFO  - jmeter.JMeter: JMeter  Locale=русский (Россия) 
2025/01/19 22:14:20 INFO  - jmeter.JMeter: JMeterHome=/usr/share/jmeter 
2025/01/19 22:14:20 INFO  - jmeter.JMeter: user.dir  =/home/danil/IdeaProjects/todo-project/infra 
2025/01/19 22:14:20 INFO  - jmeter.JMeter: PWD       =/home/danil/IdeaProjects/todo-project/infra 
2025/01/19 22:14:20 INFO  - jmeter.JMeter: IP: 192.168.1.105 Name: wie FullName: wie 
2025/01/19 22:14:20 INFO  - jmeter.gui.action.LookAndFeelCommand: Using look and feel: javax.swing.plaf.metal.MetalLookAndFeel [Metal, CrossPlatform] 
2025/01/19 22:14:20 INFO  - jmeter.JMeter: Loaded icon properties from org/apache/jmeter/images/icon.properties 
2025/01/19 22:14:21 INFO  - jmeter.engine.util.CompoundVariable: Note: Function class names must contain the string: '.functions.' 
2025/01/19 22:14:21 INFO  - jmeter.engine.util.CompoundVariable: Note: Function class names must not contain the string: '.gui.' 
2025/01/19 22:14:21 FATAL - jmeter.JMeter: An error occurred:  java.lang.reflect.InaccessibleObjectException: Unable to make field private static java.lang.String sun.awt.X11.XToolkit.awtAppClassName accessible: module java.desktop does not "opens sun.awt.X11" to unnamed module @57fa26b7
	at java.base/java.lang.reflect.AccessibleObject.checkCanSetAccessible(AccessibleObject.java:354)
	at java.base/java.lang.reflect.AccessibleObject.checkCanSetAccessible(AccessibleObject.java:297)
	at java.base/java.lang.reflect.Field.checkCanSetAccessible(Field.java:178)
	at java.base/java.lang.reflect.Field.setAccessible(Field.java:172)
	at org.apache.jmeter.gui.MainFrame.setWindowTitle(MainFrame.java:808)
	at org.apache.jmeter.gui.MainFrame.init(MainFrame.java:512)
	at org.apache.jmeter.gui.MainFrame.<init>(MainFrame.java:219)
	at org.apache.jmeter.JMeter.startGui(JMeter.java:242)
	at org.apache.jmeter.JMeter.start(JMeter.java:387)
	at java.base/jdk.internal.reflect.NativeMethodAccessorImpl.invoke0(Native Method)
	at java.base/jdk.internal.reflect.NativeMethodAccessorImpl.invoke(NativeMethodAccessorImpl.java:77)
	at java.base/jdk.internal.reflect.DelegatingMethodAccessorImpl.invoke(DelegatingMethodAccessorImpl.java:43)
	at java.base/java.lang.reflect.Method.invoke(Method.java:569)
	at org.apache.jmeter.NewDriver.main(NewDriver.java:264)

